#
# There is insufficient memory for the Java Runtime Environment to continue.
# Native memory allocation (malloc) failed to allocate 32744 bytes. Error detail: ChunkPool::allocate
# Possible reasons:
#   The system is out of physical RAM or swap space
#   This process is running with CompressedOops enabled, and the Java Heap may be blocking the growth of the native heap
# Possible solutions:
#   Reduce memory load on the system
#   Increase physical memory or swap space
#   Check if swap backing store is full
#   Decrease Java heap size (-Xmx/-Xms)
#   Decrease number of Java threads
#   Decrease Java thread stack sizes (-Xss)
#   Set larger code cache with -XX:ReservedCodeCacheSize=
#   JVM is running with Unscaled Compressed Oops mode in which the Java heap is
#     placed in the first 4GB address space. The Java Heap base address is the
#     maximum limit for the native heap growth. Please use -XX:HeapBaseMinAddress
#     to set the Java Heap base and to place the Java Heap above 4GB virtual address.
# This output file may be truncated or incomplete.
#
#  Out of Memory Error (arena.cpp:79), pid=16416, tid=20784
#
# JRE version: OpenJDK Runtime Environment Microsoft-10376486 (17.0.13+11) (build 17.0.13+11-LTS)
# Java VM: OpenJDK 64-Bit Server VM Microsoft-10376486 (17.0.13+11-LTS, mixed mode, sharing, tiered, compressed oops, compressed class ptrs, g1 gc, windows-amd64)
# No core dump will be written. Minidumps are not enabled by default on client versions of Windows
#

---------------  S U M M A R Y ------------

Command Line: -Xmx64m -Xms64m -Dorg.gradle.appname=gradlew org.gradle.wrapper.GradleWrapperMain assembleRelease

Host: Intel(R) Core(TM) i7-8550U CPU @ 1.80GHz, 8 cores, 7G,  Windows 11 , 64 bit Build 22621 (10.0.22621.5124)
Time: Mon Apr 21 14:43:53 2025 India Standard Time elapsed time: 972.440071 seconds (0d 0h 16m 12s)

---------------  T H R E A D  ---------------

Current thread (0x0000013afabb15f0):  JavaThread "C2 CompilerThread0" daemon [_thread_in_native, id=20784, stack(0x0000003314700000,0x0000003314800000)]


Current CompileTask:
C2: 972440 2149       4       org.gradle.internal.logging.console.DefaultColorMap$AttributeColor::on (10 bytes)

Stack: [0x0000003314700000,0x0000003314800000]
Native frames: (J=compiled Java code, j=interpreted, Vv=VM code, C=native code)
V  [jvm.dll+0x687fc9]
V  [jvm.dll+0x83eeb8]
V  [jvm.dll+0x840963]
V  [jvm.dll+0x840fd3]
V  [jvm.dll+0x24951f]
V  [jvm.dll+0xad2cc]
V  [jvm.dll+0xad75c]
V  [jvm.dll+0x66623a]
V  [jvm.dll+0x7a648]
V  [jvm.dll+0x6d6d83]
V  [jvm.dll+0x6d4ce9]
V  [jvm.dll+0x1bcc97]
V  [jvm.dll+0x21a8bc]
V  [jvm.dll+0x219b7f]
V  [jvm.dll+0x1a5506]
V  [jvm.dll+0x22a1ca]
V  [jvm.dll+0x22830b]
V  [jvm.dll+0x7f4708]
V  [jvm.dll+0x7eea6c]
V  [jvm.dll+0x686ea7]
C  [ucrtbase.dll+0x29333]
C  [KERNEL32.DLL+0x1259d]
C  [ntdll.dll+0x5af38]


---------------  P R O C E S S  ---------------

Threads class SMR info:
_java_thread_list=0x0000013ac1294580, length=13, elements={
0x0000013ae119a890, 0x0000013ae1244b10, 0x0000013ae1245990, 0x0000013afababc80,
0x0000013afabae750, 0x0000013afabaf720, 0x0000013afabb04f0, 0x0000013afabb15f0,
0x0000013afabc05d0, 0x0000013afabc1ef0, 0x0000013aff070a80, 0x0000013aff0743f0,
0x0000013aff3ee000
}

Java Threads: ( => current thread )
  0x0000013ae119a890 JavaThread "main" [_thread_in_native, id=18092, stack(0x0000003313a00000,0x0000003313b00000)]
  0x0000013ae1244b10 JavaThread "Reference Handler" daemon [_thread_blocked, id=6960, stack(0x0000003314100000,0x0000003314200000)]
  0x0000013ae1245990 JavaThread "Finalizer" daemon [_thread_blocked, id=18536, stack(0x0000003314200000,0x0000003314300000)]
  0x0000013afababc80 JavaThread "Signal Dispatcher" daemon [_thread_blocked, id=7244, stack(0x0000003314300000,0x0000003314400000)]
  0x0000013afabae750 JavaThread "Attach Listener" daemon [_thread_blocked, id=3348, stack(0x0000003314400000,0x0000003314500000)]
  0x0000013afabaf720 JavaThread "Service Thread" daemon [_thread_blocked, id=9812, stack(0x0000003314500000,0x0000003314600000)]
  0x0000013afabb04f0 JavaThread "Monitor Deflation Thread" daemon [_thread_blocked, id=19452, stack(0x0000003314600000,0x0000003314700000)]
=>0x0000013afabb15f0 JavaThread "C2 CompilerThread0" daemon [_thread_in_native, id=20784, stack(0x0000003314700000,0x0000003314800000)]
  0x0000013afabc05d0 JavaThread "C1 CompilerThread0" daemon [_thread_blocked, id=19172, stack(0x0000003314800000,0x0000003314900000)]
  0x0000013afabc1ef0 JavaThread "Sweeper thread" daemon [_thread_blocked, id=12364, stack(0x0000003314900000,0x0000003314a00000)]
  0x0000013aff070a80 JavaThread "Notification Thread" daemon [_thread_blocked, id=13468, stack(0x0000003314a00000,0x0000003314b00000)]
  0x0000013aff0743f0 JavaThread "Common-Cleaner" daemon [_thread_blocked, id=5544, stack(0x0000003314c00000,0x0000003314d00000)]
  0x0000013aff3ee000 JavaThread "pool-1-thread-1" [_thread_blocked, id=6348, stack(0x0000003315100000,0x0000003315200000)]

Other Threads:
  0x0000013ae1241050 VMThread "VM Thread" [stack: 0x0000003314000000,0x0000003314100000] [id=12924]
  0x0000013aff072f70 WatcherThread [stack: 0x0000003314b00000,0x0000003314c00000] [id=9952]
  0x0000013ae11ba800 GCTaskThread "GC Thread#0" [stack: 0x0000003313b00000,0x0000003313c00000] [id=3376]
  0x0000013aff4194a0 GCTaskThread "GC Thread#1" [stack: 0x0000003314e00000,0x0000003314f00000] [id=15024]
  0x0000013aff5547b0 GCTaskThread "GC Thread#2" [stack: 0x0000003314f00000,0x0000003315000000] [id=12632]
  0x0000013aff4339f0 GCTaskThread "GC Thread#3" [stack: 0x0000003315000000,0x0000003315100000] [id=11500]
  0x0000013ac1682090 GCTaskThread "GC Thread#4" [stack: 0x0000003315200000,0x0000003315300000] [id=15812]
  0x0000013ac12a44e0 GCTaskThread "GC Thread#5" [stack: 0x0000003315300000,0x0000003315400000] [id=5320]
  0x0000013affbf99a0 GCTaskThread "GC Thread#6" [stack: 0x0000003315400000,0x0000003315500000] [id=16696]
  0x0000013aff360020 GCTaskThread "GC Thread#7" [stack: 0x0000003313700000,0x0000003313800000] [id=11824]
  0x0000013ae11bbf50 ConcurrentGCThread "G1 Main Marker" [stack: 0x0000003313c00000,0x0000003313d00000] [id=3468]
  0x0000013ae11bc970 ConcurrentGCThread "G1 Conc#0" [stack: 0x0000003313d00000,0x0000003313e00000] [id=6148]
  0x0000013ae1223fa0 ConcurrentGCThread "G1 Refine#0" [stack: 0x0000003313e00000,0x0000003313f00000] [id=7036]
  0x0000013affbf9c60 ConcurrentGCThread "G1 Refine#1" [stack: 0x0000003315500000,0x0000003315600000] [id=12260]
  0x0000013ae12249d0 ConcurrentGCThread "G1 Service" [stack: 0x0000003313f00000,0x0000003314000000] [id=17832]

Threads with active compile tasks:
C2 CompilerThread0   972534 2149       4       org.gradle.internal.logging.console.DefaultColorMap$AttributeColor::on (10 bytes)

VM state: not at safepoint (normal execution)

VM Mutex/Monitor currently owned by a thread: None

Heap address: 0x00000000fc000000, size: 64 MB, Compressed Oops mode: 32-bit

CDS archive(s) mapped at: [0x0000013a80000000-0x0000013a80bb0000-0x0000013a80bb0000), size 12255232, SharedBaseAddress: 0x0000013a80000000, ArchiveRelocationMode: 1.
Compressed class space mapped at: 0x0000013a81000000-0x0000013ac1000000, reserved size: 1073741824
Narrow klass base: 0x0000013a80000000, Narrow klass shift: 0, Narrow klass range: 0x100000000

GC Precious Log:
 CPUs: 8 total, 8 available
 Memory: 8086M
 Large Page Support: Disabled
 NUMA Support: Disabled
 Compressed Oops: Enabled (32-bit)
 Heap Region Size: 1M
 Heap Min Capacity: 64M
 Heap Initial Capacity: 64M
 Heap Max Capacity: 64M
 Pre-touch: Disabled
 Parallel Workers: 8
 Concurrent Workers: 2
 Concurrent Refinement Workers: 8
 Periodic GC: Disabled

Heap:
 garbage-first heap   total 65536K, used 16204K [0x00000000fc000000, 0x0000000100000000)
  region size 1024K, 6 young (6144K), 1 survivors (1024K)
 Metaspace       used 9595K, committed 9792K, reserved 1114112K
  class space    used 1258K, committed 1344K, reserved 1048576K

Heap Regions: E=young(eden), S=young(survivor), O=old, HS=humongous(starts), HC=humongous(continues), CS=collection set, F=free, OA=open archive, CA=closed archive, TAMS=top-at-mark-start (previous, next)
|   0|0x00000000fc000000, 0x00000000fc100000, 0x00000000fc100000|100%|HS|  |TAMS 0x00000000fc000000, 0x00000000fc000000| Complete 
|   1|0x00000000fc100000, 0x00000000fc200000, 0x00000000fc200000|100%|HC|  |TAMS 0x00000000fc100000, 0x00000000fc100000| Complete 
|   2|0x00000000fc200000, 0x00000000fc300000, 0x00000000fc300000|100%|HC|  |TAMS 0x00000000fc200000, 0x00000000fc200000| Complete 
|   3|0x00000000fc300000, 0x00000000fc400000, 0x00000000fc400000|100%| O|  |TAMS 0x00000000fc300000, 0x00000000fc300000| Untracked 
|   4|0x00000000fc400000, 0x00000000fc500000, 0x00000000fc500000|100%| O|  |TAMS 0x00000000fc400000, 0x00000000fc400000| Untracked 
|   5|0x00000000fc500000, 0x00000000fc600000, 0x00000000fc600000|100%| O|  |TAMS 0x00000000fc500000, 0x00000000fc500000| Untracked 
|   6|0x00000000fc600000, 0x00000000fc700000, 0x00000000fc700000|100%| O|  |TAMS 0x00000000fc600000, 0x00000000fc600000| Untracked 
|   7|0x00000000fc700000, 0x00000000fc800000, 0x00000000fc800000|100%| O|  |TAMS 0x00000000fc700000, 0x00000000fc700000| Untracked 
|   8|0x00000000fc800000, 0x00000000fc900000, 0x00000000fc900000|100%| O|  |TAMS 0x00000000fc800000, 0x00000000fc800000| Untracked 
|   9|0x00000000fc900000, 0x00000000fca00000, 0x00000000fca00000|100%| O|  |TAMS 0x00000000fc900000, 0x00000000fc900000| Untracked 
|  10|0x00000000fca00000, 0x00000000fcae6600, 0x00000000fcb00000| 89%| O|  |TAMS 0x00000000fca00000, 0x00000000fca00000| Untracked 
|  11|0x00000000fcb00000, 0x00000000fcb00000, 0x00000000fcc00000|  0%| F|  |TAMS 0x00000000fcb00000, 0x00000000fcb00000| Untracked 
|  12|0x00000000fcc00000, 0x00000000fcc00000, 0x00000000fcd00000|  0%| F|  |TAMS 0x00000000fcc00000, 0x00000000fcc00000| Untracked 
|  13|0x00000000fcd00000, 0x00000000fcd00000, 0x00000000fce00000|  0%| F|  |TAMS 0x00000000fcd00000, 0x00000000fcd00000| Untracked 
|  14|0x00000000fce00000, 0x00000000fce00000, 0x00000000fcf00000|  0%| F|  |TAMS 0x00000000fce00000, 0x00000000fce00000| Untracked 
|  15|0x00000000fcf00000, 0x00000000fcf00000, 0x00000000fd000000|  0%| F|  |TAMS 0x00000000fcf00000, 0x00000000fcf00000| Untracked 
|  16|0x00000000fd000000, 0x00000000fd000000, 0x00000000fd100000|  0%| F|  |TAMS 0x00000000fd000000, 0x00000000fd000000| Untracked 
|  17|0x00000000fd100000, 0x00000000fd100000, 0x00000000fd200000|  0%| F|  |TAMS 0x00000000fd100000, 0x00000000fd100000| Untracked 
|  18|0x00000000fd200000, 0x00000000fd200000, 0x00000000fd300000|  0%| F|  |TAMS 0x00000000fd200000, 0x00000000fd200000| Untracked 
|  19|0x00000000fd300000, 0x00000000fd300000, 0x00000000fd400000|  0%| F|  |TAMS 0x00000000fd300000, 0x00000000fd300000| Untracked 
|  20|0x00000000fd400000, 0x00000000fd400000, 0x00000000fd500000|  0%| F|  |TAMS 0x00000000fd400000, 0x00000000fd400000| Untracked 
|  21|0x00000000fd500000, 0x00000000fd500000, 0x00000000fd600000|  0%| F|  |TAMS 0x00000000fd500000, 0x00000000fd500000| Untracked 
|  22|0x00000000fd600000, 0x00000000fd600000, 0x00000000fd700000|  0%| F|  |TAMS 0x00000000fd600000, 0x00000000fd600000| Untracked 
|  23|0x00000000fd700000, 0x00000000fd700000, 0x00000000fd800000|  0%| F|  |TAMS 0x00000000fd700000, 0x00000000fd700000| Untracked 
|  24|0x00000000fd800000, 0x00000000fd800000, 0x00000000fd900000|  0%| F|  |TAMS 0x00000000fd800000, 0x00000000fd800000| Untracked 
|  25|0x00000000fd900000, 0x00000000fd900000, 0x00000000fda00000|  0%| F|  |TAMS 0x00000000fd900000, 0x00000000fd900000| Untracked 
|  26|0x00000000fda00000, 0x00000000fda00000, 0x00000000fdb00000|  0%| F|  |TAMS 0x00000000fda00000, 0x00000000fda00000| Untracked 
|  27|0x00000000fdb00000, 0x00000000fdb00000, 0x00000000fdc00000|  0%| F|  |TAMS 0x00000000fdb00000, 0x00000000fdb00000| Untracked 
|  28|0x00000000fdc00000, 0x00000000fdc00000, 0x00000000fdd00000|  0%| F|  |TAMS 0x00000000fdc00000, 0x00000000fdc00000| Untracked 
|  29|0x00000000fdd00000, 0x00000000fdd00000, 0x00000000fde00000|  0%| F|  |TAMS 0x00000000fdd00000, 0x00000000fdd00000| Untracked 
|  30|0x00000000fde00000, 0x00000000fde00000, 0x00000000fdf00000|  0%| F|  |TAMS 0x00000000fde00000, 0x00000000fde00000| Untracked 
|  31|0x00000000fdf00000, 0x00000000fdf00000, 0x00000000fe000000|  0%| F|  |TAMS 0x00000000fdf00000, 0x00000000fdf00000| Untracked 
|  32|0x00000000fe000000, 0x00000000fe000000, 0x00000000fe100000|  0%| F|  |TAMS 0x00000000fe000000, 0x00000000fe000000| Untracked 
|  33|0x00000000fe100000, 0x00000000fe100000, 0x00000000fe200000|  0%| F|  |TAMS 0x00000000fe100000, 0x00000000fe100000| Untracked 
|  34|0x00000000fe200000, 0x00000000fe200000, 0x00000000fe300000|  0%| F|  |TAMS 0x00000000fe200000, 0x00000000fe200000| Untracked 
|  35|0x00000000fe300000, 0x00000000fe300000, 0x00000000fe400000|  0%| F|  |TAMS 0x00000000fe300000, 0x00000000fe300000| Untracked 
|  36|0x00000000fe400000, 0x00000000fe4ecb40, 0x00000000fe500000| 92%| S|CS|TAMS 0x00000000fe400000, 0x00000000fe400000| Complete 
|  37|0x00000000fe500000, 0x00000000fe500000, 0x00000000fe600000|  0%| F|  |TAMS 0x00000000fe500000, 0x00000000fe500000| Untracked 
|  38|0x00000000fe600000, 0x00000000fe600000, 0x00000000fe700000|  0%| F|  |TAMS 0x00000000fe600000, 0x00000000fe600000| Untracked 
|  39|0x00000000fe700000, 0x00000000fe700000, 0x00000000fe800000|  0%| F|  |TAMS 0x00000000fe700000, 0x00000000fe700000| Untracked 
|  40|0x00000000fe800000, 0x00000000fe800000, 0x00000000fe900000|  0%| F|  |TAMS 0x00000000fe800000, 0x00000000fe800000| Untracked 
|  41|0x00000000fe900000, 0x00000000fe900000, 0x00000000fea00000|  0%| F|  |TAMS 0x00000000fe900000, 0x00000000fe900000| Untracked 
|  42|0x00000000fea00000, 0x00000000fea00000, 0x00000000feb00000|  0%| F|  |TAMS 0x00000000fea00000, 0x00000000fea00000| Untracked 
|  43|0x00000000feb00000, 0x00000000feb00000, 0x00000000fec00000|  0%| F|  |TAMS 0x00000000feb00000, 0x00000000feb00000| Untracked 
|  44|0x00000000fec00000, 0x00000000fec00000, 0x00000000fed00000|  0%| F|  |TAMS 0x00000000fec00000, 0x00000000fec00000| Untracked 
|  45|0x00000000fed00000, 0x00000000fed00000, 0x00000000fee00000|  0%| F|  |TAMS 0x00000000fed00000, 0x00000000fed00000| Untracked 
|  46|0x00000000fee00000, 0x00000000fee00000, 0x00000000fef00000|  0%| F|  |TAMS 0x00000000fee00000, 0x00000000fee00000| Untracked 
|  47|0x00000000fef00000, 0x00000000fef00000, 0x00000000ff000000|  0%| F|  |TAMS 0x00000000fef00000, 0x00000000fef00000| Untracked 
|  48|0x00000000ff000000, 0x00000000ff000000, 0x00000000ff100000|  0%| F|  |TAMS 0x00000000ff000000, 0x00000000ff000000| Untracked 
|  49|0x00000000ff100000, 0x00000000ff100000, 0x00000000ff200000|  0%| F|  |TAMS 0x00000000ff100000, 0x00000000ff100000| Untracked 
|  50|0x00000000ff200000, 0x00000000ff200000, 0x00000000ff300000|  0%| F|  |TAMS 0x00000000ff200000, 0x00000000ff200000| Untracked 
|  51|0x00000000ff300000, 0x00000000ff300000, 0x00000000ff400000|  0%| F|  |TAMS 0x00000000ff300000, 0x00000000ff300000| Untracked 
|  52|0x00000000ff400000, 0x00000000ff400000, 0x00000000ff500000|  0%| F|  |TAMS 0x00000000ff400000, 0x00000000ff400000| Untracked 
|  53|0x00000000ff500000, 0x00000000ff500000, 0x00000000ff600000|  0%| F|  |TAMS 0x00000000ff500000, 0x00000000ff500000| Untracked 
|  54|0x00000000ff600000, 0x00000000ff600000, 0x00000000ff700000|  0%| F|  |TAMS 0x00000000ff600000, 0x00000000ff600000| Untracked 
|  55|0x00000000ff700000, 0x00000000ff700000, 0x00000000ff800000|  0%| F|  |TAMS 0x00000000ff700000, 0x00000000ff700000| Untracked 
|  56|0x00000000ff800000, 0x00000000ff800000, 0x00000000ff900000|  0%| F|  |TAMS 0x00000000ff800000, 0x00000000ff800000| Untracked 
|  57|0x00000000ff900000, 0x00000000ff900000, 0x00000000ffa00000|  0%| F|  |TAMS 0x00000000ff900000, 0x00000000ff900000| Untracked 
|  58|0x00000000ffa00000, 0x00000000ffa00000, 0x00000000ffb00000|  0%| F|  |TAMS 0x00000000ffa00000, 0x00000000ffa00000| Untracked 
|  59|0x00000000ffb00000, 0x00000000ffbddc68, 0x00000000ffc00000| 86%| E|  |TAMS 0x00000000ffb00000, 0x00000000ffb00000| Complete 
|  60|0x00000000ffc00000, 0x00000000ffd00000, 0x00000000ffd00000|100%| E|CS|TAMS 0x00000000ffc00000, 0x00000000ffc00000| Complete 
|  61|0x00000000ffd00000, 0x00000000ffe00000, 0x00000000ffe00000|100%| E|CS|TAMS 0x00000000ffd00000, 0x00000000ffd00000| Complete 
|  62|0x00000000ffe00000, 0x00000000fff00000, 0x00000000fff00000|100%| E|CS|TAMS 0x00000000ffe00000, 0x00000000ffe00000| Complete 
|  63|0x00000000fff00000, 0x0000000100000000, 0x0000000100000000|100%| E|CS|TAMS 0x00000000fff00000, 0x00000000fff00000| Complete 

Card table byte_map: [0x0000013adf060000,0x0000013adf080000] _byte_map_base: 0x0000013ade880000

Marking Bits (Prev, Next): (CMBitMap*) 0x0000013ae11bae20, (CMBitMap*) 0x0000013ae11bae60
 Prev Bits: [0x0000013af8000000, 0x0000013af8100000)
 Next Bits: [0x0000013af8100000, 0x0000013af8200000)

Polling page: 0x0000013adf010000

Metaspace:

Usage:
  Non-class:      8.14 MB used.
      Class:      1.23 MB used.
       Both:      9.37 MB used.

Virtual space:
  Non-class space:       64.00 MB reserved,       8.25 MB ( 13%) committed,  1 nodes.
      Class space:        1.00 GB reserved,       1.31 MB ( <1%) committed,  1 nodes.
             Both:        1.06 GB reserved,       9.56 MB ( <1%) committed. 

Chunk freelists:
   Non-Class:  7.66 MB
       Class:  14.64 MB
        Both:  22.30 MB

MaxMetaspaceSize: unlimited
CompressedClassSpaceSize: 1.00 GB
Initial GC threshold: 21.00 MB
Current GC threshold: 21.00 MB
CDS: on
MetaspaceReclaimPolicy: balanced
 - commit_granule_bytes: 65536.
 - commit_granule_words: 8192.
 - virtual_space_node_default_size: 8388608.
 - enlarge_chunks_in_place: 1.
 - new_chunks_are_fully_committed: 0.
 - uncommit_free_chunks: 1.
 - use_allocation_guard: 0.
 - handle_deallocations: 1.


Internal statistics:

num_allocs_failed_limit: 0.
num_arena_births: 80.
num_arena_deaths: 0.
num_vsnodes_births: 2.
num_vsnodes_deaths: 0.
num_space_committed: 153.
num_space_uncommitted: 0.
num_chunks_returned_to_freelist: 0.
num_chunks_taken_from_freelist: 345.
num_chunk_merges: 0.
num_chunk_splits: 228.
num_chunks_enlarged: 184.
num_inconsistent_stats: 0.

CodeHeap 'non-profiled nmethods': size=120000Kb used=1347Kb max_used=1347Kb free=118652Kb
 bounds [0x0000013af07a0000, 0x0000013af0a10000, 0x0000013af7cd0000]
CodeHeap 'profiled nmethods': size=120000Kb used=3770Kb max_used=3770Kb free=116229Kb
 bounds [0x0000013ae8cd0000, 0x0000013ae9080000, 0x0000013af0200000]
CodeHeap 'non-nmethods': size=5760Kb used=1173Kb max_used=1243Kb free=4586Kb
 bounds [0x0000013af0200000, 0x0000013af0470000, 0x0000013af07a0000]
 total_blobs=2615 nmethods=2147 adapters=381
 compilation: enabled
              stopped_count=0, restarted_count=0
 full_count=0

Compilation events (20 events):
Event: 962.543 Thread 0x0000013afabb15f0 nmethod 2139 0x0000013af08eea90 code [0x0000013af08eec00, 0x0000013af08eecb8]
Event: 962.554 Thread 0x0000013afabc05d0 2140       1       org.gradle.internal.logging.events.RenderableOutputEvent::getBuildOperationId (5 bytes)
Event: 962.554 Thread 0x0000013afabc05d0 nmethod 2140 0x0000013af08eed90 code [0x0000013af08eef20, 0x0000013af08eeff8]
Event: 962.554 Thread 0x0000013afabc05d0 2141       3       org.gradle.internal.logging.text.AbstractLineChoppingStyledTextOutput$SeenFromEol::add (18 bytes)
Event: 962.555 Thread 0x0000013afabc05d0 nmethod 2141 0x0000013ae907ac10 code [0x0000013ae907ada0, 0x0000013ae907aed8]
Event: 962.559 Thread 0x0000013afabc05d0 2142       3       org.gradle.internal.logging.console.AnsiConsole$Listener::beforeNewLineWritten (49 bytes)
Event: 962.561 Thread 0x0000013afabc05d0 nmethod 2142 0x0000013ae907af90 code [0x0000013ae907b1a0, 0x0000013ae907b6a8]
Event: 962.561 Thread 0x0000013afabc05d0 2143       3       org.fusesource.jansi.Ansi::newline (19 bytes)
Event: 962.562 Thread 0x0000013afabb15f0 2144 %     4       org.gradle.internal.logging.text.AbstractLineChoppingStyledTextOutput::doAppend @ 10 (43 bytes)
Event: 962.563 Thread 0x0000013afabc05d0 nmethod 2143 0x0000013ae907ba10 code [0x0000013ae907bc20, 0x0000013ae907c188]
Event: 962.564 Thread 0x0000013afabc05d0 2145       3       org.gradle.internal.logging.console.MultiLineBuildProgressArea::newLineAdjustment (50 bytes)
Event: 962.565 Thread 0x0000013afabc05d0 nmethod 2145 0x0000013ae907c390 code [0x0000013ae907c580, 0x0000013ae907cb08]
Event: 962.565 Thread 0x0000013afabc05d0 2146       3       org.gradle.internal.logging.console.DefaultAnsiExecutor$AnsiContextImpl::newLine (82 bytes)
Event: 962.574 Thread 0x0000013afabc05d0 nmethod 2146 0x0000013ae907cd10 code [0x0000013ae907cfc0, 0x0000013ae907db58]
Event: 962.574 Thread 0x0000013afabc05d0 2147       3       org.gradle.internal.logging.console.DefaultColorMap$1::on (1 bytes)
Event: 962.574 Thread 0x0000013afabc05d0 nmethod 2147 0x0000013ae907e190 code [0x0000013ae907e320, 0x0000013ae907e438]
Event: 962.574 Thread 0x0000013afabc05d0 2148       3       org.gradle.internal.logging.console.DefaultColorMap$1::off (1 bytes)
Event: 962.574 Thread 0x0000013afabc05d0 nmethod 2148 0x0000013ae907e510 code [0x0000013ae907e6a0, 0x0000013ae907e7b8]
Event: 962.653 Thread 0x0000013afabb15f0 nmethod 2144% 0x0000013af08ef090 code [0x0000013af08ef2e0, 0x0000013af08f0480]
Event: 972.042 Thread 0x0000013afabb15f0 2149       4       org.gradle.internal.logging.console.DefaultColorMap$AttributeColor::on (10 bytes)

GC Heap History (6 events):
Event: 0.584 GC heap before
{Heap before GC invocations=0 (full 0):
 garbage-first heap   total 65536K, used 22528K [0x00000000fc000000, 0x0000000100000000)
  region size 1024K, 23 young (23552K), 0 survivors (0K)
 Metaspace       used 1802K, committed 1920K, reserved 1114112K
  class space    used 162K, committed 192K, reserved 1048576K
}
Event: 0.589 GC heap after
{Heap after GC invocations=1 (full 0):
 garbage-first heap   total 65536K, used 2432K [0x00000000fc000000, 0x0000000100000000)
  region size 1024K, 3 young (3072K), 3 survivors (3072K)
 Metaspace       used 1802K, committed 1920K, reserved 1114112K
  class space    used 162K, committed 192K, reserved 1048576K
}
Event: 1.731 GC heap before
{Heap before GC invocations=1 (full 0):
 garbage-first heap   total 65536K, used 35200K [0x00000000fc000000, 0x0000000100000000)
  region size 1024K, 33 young (33792K), 3 survivors (3072K)
 Metaspace       used 8244K, committed 8448K, reserved 1114112K
  class space    used 1128K, committed 1216K, reserved 1048576K
}
Event: 1.739 GC heap after
{Heap after GC invocations=2 (full 0):
 garbage-first heap   total 65536K, used 11534K [0x00000000fc000000, 0x0000000100000000)
  region size 1024K, 5 young (5120K), 5 survivors (5120K)
 Metaspace       used 8244K, committed 8448K, reserved 1114112K
  class space    used 1128K, committed 1216K, reserved 1048576K
}
Event: 830.347 GC heap before
{Heap before GC invocations=2 (full 0):
 garbage-first heap   total 65536K, used 39182K [0x00000000fc000000, 0x0000000100000000)
  region size 1024K, 32 young (32768K), 5 survivors (5120K)
 Metaspace       used 9580K, committed 9792K, reserved 1114112K
  class space    used 1258K, committed 1344K, reserved 1048576K
}
Event: 830.403 GC heap after
{Heap after GC invocations=3 (full 0):
 garbage-first heap   total 65536K, used 12108K [0x00000000fc000000, 0x0000000100000000)
  region size 1024K, 1 young (1024K), 1 survivors (1024K)
 Metaspace       used 9580K, committed 9792K, reserved 1114112K
  class space    used 1258K, committed 1344K, reserved 1048576K
}

Dll operation events (13 events):
Event: 0.009 Loaded shared library C:\Program Files\Microsoft\jdk-17.0.13.11-hotspot\bin\java.dll
Event: 0.030 Loaded shared library C:\Program Files\Microsoft\jdk-17.0.13.11-hotspot\bin\jsvml.dll
Event: 0.078 Loaded shared library C:\Program Files\Microsoft\jdk-17.0.13.11-hotspot\bin\net.dll
Event: 0.079 Loaded shared library C:\Program Files\Microsoft\jdk-17.0.13.11-hotspot\bin\nio.dll
Event: 0.083 Loaded shared library C:\Program Files\Microsoft\jdk-17.0.13.11-hotspot\bin\zip.dll
Event: 0.087 Loaded shared library C:\Program Files\Microsoft\jdk-17.0.13.11-hotspot\bin\verify.dll
Event: 0.519 Loaded shared library C:\Program Files\Microsoft\jdk-17.0.13.11-hotspot\bin\jimage.dll
Event: 0.982 Loaded shared library C:\Program Files\Microsoft\jdk-17.0.13.11-hotspot\bin\management.dll
Event: 0.984 Loaded shared library C:\Program Files\Microsoft\jdk-17.0.13.11-hotspot\bin\management_ext.dll
Event: 1.050 Loaded shared library C:\Users\Sarpu\.gradle\native\1def1411415f61bf3af743bc5b6707747c0891f09f0c88961ee8f79bc544acac\windows-amd64\native-platform.dll
Event: 1.107 Loaded shared library C:\Users\Sarpu\.gradle\native\jansi\1.18\windows64\jansi.dll
Event: 1.475 Loaded shared library C:\Program Files\Microsoft\jdk-17.0.13.11-hotspot\bin\extnet.dll
Event: 1.750 Loaded shared library C:\Program Files\Microsoft\jdk-17.0.13.11-hotspot\bin\sunmscapi.dll

Deoptimization events (20 events):
Event: 350.751 Thread 0x0000013aff3ee000 Uncommon trap: trap_request=0xffffffde fr.pc=0x0000013af086e4ac relative=0x0000000000007d4c
Event: 350.751 Thread 0x0000013aff3ee000 Uncommon trap: reason=class_check action=maybe_recompile pc=0x0000013af086e4ac method=org.gradle.internal.logging.sink.GroupingProgressLogEventGenerator.onOutput(Lorg/gradle/internal/logging/events/OutputEvent;)V @ 27 c2
Event: 350.751 Thread 0x0000013aff3ee000 DEOPT PACKING pc=0x0000013af086e4ac sp=0x00000033151fec10
Event: 350.752 Thread 0x0000013aff3ee000 DEOPT UNPACKING pc=0x0000013af02569a3 sp=0x00000033151feaf0 mode 2
Event: 426.300 Thread 0x0000013ae119a890 Uncommon trap: trap_request=0xffffff45 fr.pc=0x0000013af085b0c4 relative=0x0000000000000524
Event: 426.300 Thread 0x0000013ae119a890 Uncommon trap: reason=unstable_if action=reinterpret pc=0x0000013af085b0c4 method=com.esotericsoftware.kryo.io.Input.readUtf8(I)V @ 79 c2
Event: 426.300 Thread 0x0000013ae119a890 DEOPT PACKING pc=0x0000013af085b0c4 sp=0x0000003313afd330
Event: 426.300 Thread 0x0000013ae119a890 DEOPT UNPACKING pc=0x0000013af02569a3 sp=0x0000003313afd2c8 mode 2
Event: 924.474 Thread 0x0000013ae119a890 Uncommon trap: trap_request=0xffffff45 fr.pc=0x0000013af0876d60 relative=0x0000000000000cc0
Event: 924.474 Thread 0x0000013ae119a890 Uncommon trap: reason=unstable_if action=reinterpret pc=0x0000013af0876d60 method=com.esotericsoftware.kryo.io.Input.readUtf8(I)V @ 79 c2
Event: 924.474 Thread 0x0000013ae119a890 DEOPT PACKING pc=0x0000013af0876d60 sp=0x0000003313afd360
Event: 924.474 Thread 0x0000013ae119a890 DEOPT UNPACKING pc=0x0000013af02569a3 sp=0x0000003313afd1c8 mode 2
Event: 925.808 Thread 0x0000013ae119a890 Uncommon trap: trap_request=0xffffff45 fr.pc=0x0000013af0859b64 relative=0x00000000000001c4
Event: 925.808 Thread 0x0000013ae119a890 Uncommon trap: reason=unstable_if action=reinterpret pc=0x0000013af0859b64 method=com.esotericsoftware.kryo.io.Input.require(I)I @ 65 c2
Event: 925.808 Thread 0x0000013ae119a890 DEOPT PACKING pc=0x0000013af0859b64 sp=0x0000003313afd360
Event: 925.815 Thread 0x0000013ae119a890 DEOPT UNPACKING pc=0x0000013af02569a3 sp=0x0000003313afd310 mode 2
Event: 925.819 Thread 0x0000013ae119a890 Uncommon trap: trap_request=0xffffff45 fr.pc=0x0000013af08a5364 relative=0x00000000000007c4
Event: 925.827 Thread 0x0000013ae119a890 Uncommon trap: reason=unstable_if action=reinterpret pc=0x0000013af08a5364 method=org.gradle.internal.remote.internal.inet.SocketConnection$SocketInputStream.read([BII)I @ 1 c2
Event: 925.827 Thread 0x0000013ae119a890 DEOPT PACKING pc=0x0000013af08a5364 sp=0x0000003313afd230
Event: 925.829 Thread 0x0000013ae119a890 DEOPT UNPACKING pc=0x0000013af02569a3 sp=0x0000003313afd210 mode 2

Classes loaded (20 events):
Event: 332.482 Loading class jdk/internal/logger/LazyLoggers$LazyLoggerFactories
Event: 332.482 Loading class jdk/internal/logger/LazyLoggers$LazyLoggerFactories done
Event: 332.490 Loading class jdk/internal/logger/LoggerFinderLoader
Event: 332.491 Loading class jdk/internal/logger/LoggerFinderLoader done
Event: 332.513 Loading class jdk/internal/logger/LoggerFinderLoader$TemporaryLoggerFinder
Event: 332.513 Loading class jdk/internal/logger/LoggerFinderLoader$TemporaryLoggerFinder done
Event: 332.519 Loading class sun/util/logging/internal/LoggingProviderImpl$JULWrapper
Event: 332.521 Loading class sun/util/logging/PlatformLogger$ConfigurableBridge$LoggerConfiguration
Event: 332.521 Loading class sun/util/logging/PlatformLogger$ConfigurableBridge$LoggerConfiguration done
Event: 332.522 Loading class sun/util/logging/internal/LoggingProviderImpl$JULWrapper done
Event: 332.523 Loading class java/io/ObjectInputFilter
Event: 332.523 Loading class java/io/ObjectInputFilter done
Event: 332.524 Loading class java/io/ObjectInputFilter$Config$BuiltinFilterFactory
Event: 332.525 Loading class java/io/ObjectInputFilter$Config$BuiltinFilterFactory done
Event: 332.525 Loading class jdk/internal/access/JavaObjectInputFilterAccess
Event: 332.525 Loading class jdk/internal/access/JavaObjectInputFilterAccess done
Event: 332.526 Loading class java/lang/System$Logger$Level
Event: 332.526 Loading class java/lang/System$Logger$Level done
Event: 332.527 Loading class java/io/Bits
Event: 332.528 Loading class java/io/Bits done

Classes unloaded (0 events):
No events

Classes redefined (0 events):
No events

Internal exceptions (20 events):
Event: 0.184 Thread 0x0000013ae119a890 Exception <a 'java/lang/NoSuchMethodError'{0x00000000ffdf74c8}: 'int java.lang.invoke.DirectMethodHandle$Holder.invokeStaticInit(java.lang.Object, java.lang.Object)'> (0x00000000ffdf74c8) 
thrown [s\src\hotspot\share\interpreter\linkResolver.cpp, line 759]
Event: 0.980 Thread 0x0000013ae119a890 Exception <a 'java/lang/NoSuchMethodError'{0x00000000ff20e680}: 'java.lang.Object java.lang.invoke.DirectMethodHandle$Holder.invokeStaticInit(java.lang.Object)'> (0x00000000ff20e680) 
thrown [s\src\hotspot\share\interpreter\linkResolver.cpp, line 759]
Event: 0.991 Thread 0x0000013ae119a890 Exception <a 'java/lang/NoSuchMethodError'{0x00000000ff229370}: 'int java.lang.invoke.DirectMethodHandle$Holder.invokeSpecial(java.lang.Object, java.lang.Object, java.lang.Object)'> (0x00000000ff229370) 
thrown [s\src\hotspot\share\interpreter\linkResolver.cpp, line 759]
Event: 0.998 Thread 0x0000013ae119a890 Exception <a 'java/lang/NoSuchMethodError'{0x00000000ff265480}: 'void java.lang.invoke.DirectMethodHandle$Holder.invokeStatic(java.lang.Object, java.lang.Object)'> (0x00000000ff265480) 
thrown [s\src\hotspot\share\interpreter\linkResolver.cpp, line 759]
Event: 0.999 Thread 0x0000013ae119a890 Implicit null exception at 0x0000013af0805e8f to 0x0000013af0806400
Event: 0.999 Thread 0x0000013ae119a890 Implicit null exception at 0x0000013af07e8f0f to 0x0000013af07e949c
Event: 1.022 Thread 0x0000013ae119a890 Exception <a 'java/lang/NoClassDefFoundError'{0x00000000ff2e47f0}: org/slf4j/impl/StaticMarkerBinder> (0x00000000ff2e47f0) 
thrown [s\src\hotspot\share\classfile\systemDictionary.cpp, line 245]
Event: 1.061 Thread 0x0000013ae119a890 Exception <a 'java/lang/NoSuchMethodError'{0x00000000ff010238}: 'java.lang.Object java.lang.invoke.Invokers$Holder.invoker(java.lang.Object, java.lang.Object, java.lang.Object)'> (0x00000000ff010238) 
thrown [s\src\hotspot\share\interpreter\linkResolver.cpp, line 759]
Event: 1.063 Thread 0x0000013ae119a890 Exception <a 'java/lang/NoSuchMethodError'{0x00000000ff019390}: 'java.lang.Object java.lang.invoke.DirectMethodHandle$Holder.invokeStatic(java.lang.Object, java.lang.Object, int)'> (0x00000000ff019390) 
thrown [s\src\hotspot\share\interpreter\linkResolver.cpp, line 759]
Event: 1.065 Thread 0x0000013ae119a890 Exception <a 'java/lang/NoSuchMethodError'{0x00000000ff025080}: 'void java.lang.invoke.DelegatingMethodHandle$Holder.delegate(java.lang.Object, java.lang.Object, int, java.lang.Object)'> (0x00000000ff025080) 
thrown [s\src\hotspot\share\interpreter\linkResolver.cpp, line 759]
Event: 1.069 Thread 0x0000013ae119a890 Exception <a 'java/lang/NoSuchMethodError'{0x00000000ff0386c8}: 'java.lang.Object java.lang.invoke.Invokers$Holder.invokeExact_MT(java.lang.Object, java.lang.Object, java.lang.Object, java.lang.Object)'> (0x00000000ff0386c8) 
thrown [s\src\hotspot\share\interpreter\linkResolver.cpp, line 759]
Event: 1.074 Thread 0x0000013ae119a890 Exception <a 'java/lang/NoSuchMethodError'{0x00000000ff05b808}: 'java.lang.Object java.lang.invoke.DirectMethodHandle$Holder.invokeVirtual(java.lang.Object, java.lang.Object, java.lang.Object)'> (0x00000000ff05b808) 
thrown [s\src\hotspot\share\interpreter\linkResolver.cpp, line 759]
Event: 1.208 Thread 0x0000013ae119a890 Exception <a 'java/lang/NoSuchMethodError'{0x00000000fec82db8}: 'java.lang.Object java.lang.invoke.DirectMethodHandle$Holder.newInvokeSpecial(java.lang.Object, java.lang.Object, java.lang.Object, java.lang.Object, java.lang.Object)'> (0x00000000fec82db8) 
thrown [s\src\hotspot\share\interpreter\linkResolver.cpp, line 759]
Event: 1.244 Thread 0x0000013ae119a890 Exception <a 'java/lang/NoSuchMethodError'{0x00000000feba7620}: 'void java.lang.invoke.DirectMethodHandle$Holder.invokeSpecial(java.lang.Object, java.lang.Object, java.lang.Object)'> (0x00000000feba7620) 
thrown [s\src\hotspot\share\interpreter\linkResolver.cpp, line 759]
Event: 1.478 Thread 0x0000013ae119a890 Exception <a 'java/lang/NoSuchMethodError'{0x00000000fe53e358}: 'void java.lang.invoke.DirectMethodHandle$Holder.invokeStatic(java.lang.Object, java.lang.Object, java.lang.Object)'> (0x00000000fe53e358) 
thrown [s\src\hotspot\share\interpreter\linkResolver.cpp, line 759]
Event: 1.547 Thread 0x0000013ae119a890 Exception <a 'java/lang/NoSuchMethodError'{0x00000000fe3cf1f8}: 'java.lang.Object java.lang.invoke.DirectMethodHandle$Holder.newInvokeSpecial(java.lang.Object, java.lang.Object, java.lang.Object, java.lang.Object, java.lang.Object, java.lang.Object, java.lang.Object, java.lang.Object, java.lang.Object, java.lang.Object, java.lang.Object, java.lang.Object, java.lang.Object, java.lang.Object, java.lang.Object, java.lang.Object, java.lang.Object, java.lang.Object, java.lang.Object, java.lang.Object, java.lang
Event: 1.548 Thread 0x0000013ae119a890 Exception <a 'java/lang/NoSuchMethodError'{0x00000000fe3db800}: 'java.lang.Object java.lang.invoke.Invokers$Holder.linkToTargetMethod(java.lang.Object, java.lang.Object, java.lang.Object, java.lang.Object, java.lang.Object, java.lang.Object, java.lang.Object, java.lang.Object, java.lang.Object, java.lang.Object, java.lang.Object, java.lang.Object, java.lang.Object, java.lang.Object, java.lang.Object, java.lang.Object, java.lang.Object, java.lang.Object, java.lang.Object, java.lang.Object, java.lang.Object,
Event: 1.609 Thread 0x0000013ae119a890 Exception <a 'java/lang/NoSuchMethodError'{0x00000000fe0369e0}: 'java.lang.Object java.lang.invoke.DirectMethodHandle$Holder.invokeStaticInit(java.lang.Object, int, int, int, int)'> (0x00000000fe0369e0) 
thrown [s\src\hotspot\share\interpreter\linkResolver.cpp, line 759]
Event: 1.680 Thread 0x0000013ae119a890 Exception <a 'java/lang/NoSuchMethodError'{0x00000000fe0bfe78}: 'java.lang.Object java.lang.invoke.DirectMethodHandle$Holder.invokeStaticInit(java.lang.Object, java.lang.Object, int, int, int, int)'> (0x00000000fe0bfe78) 
thrown [s\src\hotspot\share\interpreter\linkResolver.cpp, line 759]
Event: 1.708 Thread 0x0000013ae119a890 Implicit null exception at 0x0000013af07e7372 to 0x0000013af07e798c

VM Operations (20 events):
Event: 830.338 Executing VM operation: G1CollectForAllocation
Event: 830.403 Executing VM operation: G1CollectForAllocation done
Event: 841.782 Executing VM operation: HandshakeAllThreads
Event: 841.782 Executing VM operation: HandshakeAllThreads done
Event: 924.563 Executing VM operation: Cleanup
Event: 924.626 Executing VM operation: Cleanup done
Event: 925.627 Executing VM operation: Cleanup
Event: 925.627 Executing VM operation: Cleanup done
Event: 926.628 Executing VM operation: Cleanup
Event: 926.628 Executing VM operation: Cleanup done
Event: 933.700 Executing VM operation: Cleanup
Event: 933.700 Executing VM operation: Cleanup done
Event: 956.912 Executing VM operation: Cleanup
Event: 956.912 Executing VM operation: Cleanup done
Event: 957.913 Executing VM operation: Cleanup
Event: 957.913 Executing VM operation: Cleanup done
Event: 961.931 Executing VM operation: Cleanup
Event: 962.157 Executing VM operation: Cleanup done
Event: 963.173 Executing VM operation: Cleanup
Event: 963.173 Executing VM operation: Cleanup done

Memory protections (0 events):
No events

Nmethod flushes (0 events):
No events

Events (17 events):
Event: 0.030 Thread 0x0000013ae119a890 Thread added: 0x0000013ae119a890
Event: 0.033 Thread 0x0000013ae119a890 Thread added: 0x0000013ae1244b10
Event: 0.033 Thread 0x0000013ae119a890 Thread added: 0x0000013ae1245990
Event: 0.043 Thread 0x0000013ae119a890 Thread added: 0x0000013afababc80
Event: 0.044 Thread 0x0000013ae119a890 Thread added: 0x0000013afabae750
Event: 0.044 Thread 0x0000013ae119a890 Thread added: 0x0000013afabaf720
Event: 0.044 Thread 0x0000013ae119a890 Thread added: 0x0000013afabb04f0
Event: 0.044 Thread 0x0000013ae119a890 Thread added: 0x0000013afabb15f0
Event: 0.044 Thread 0x0000013ae119a890 Thread added: 0x0000013afabc05d0
Event: 0.044 Thread 0x0000013ae119a890 Thread added: 0x0000013afabc1ef0
Event: 0.071 Thread 0x0000013ae119a890 Thread added: 0x0000013aff070a80
Event: 0.074 Thread 0x0000013ae119a890 Thread added: 0x0000013aff0743f0
Event: 0.508 Thread 0x0000013afabc05d0 Thread added: 0x0000013aff246500
Event: 1.141 Thread 0x0000013ae119a890 Thread added: 0x0000013aff3ee000
Event: 1.489 Thread 0x0000013aff246500 Thread exited: 0x0000013aff246500
Event: 1.771 Thread 0x0000013afabc05d0 Thread added: 0x0000013ac1399370
Event: 2.047 Thread 0x0000013ac1399370 Thread exited: 0x0000013ac1399370


Dynamic libraries:
0x00007ff7ccc50000 - 0x00007ff7ccc5e000 	C:\Program Files\Microsoft\jdk-17.0.13.11-hotspot\bin\java.exe
0x00007ffedc410000 - 0x00007ffedc627000 	C:\WINDOWS\SYSTEM32\ntdll.dll
0x00007ffedabd0000 - 0x00007ffedac94000 	C:\WINDOWS\System32\KERNEL32.DLL
0x00007ffed9a20000 - 0x00007ffed9df3000 	C:\WINDOWS\System32\KERNELBASE.dll
0x00007ffed9710000 - 0x00007ffed9821000 	C:\WINDOWS\System32\ucrtbase.dll
0x00007ffec8430000 - 0x00007ffec844d000 	C:\Program Files\Microsoft\jdk-17.0.13.11-hotspot\bin\VCRUNTIME140.dll
0x00007ffec8c50000 - 0x00007ffec8c67000 	C:\Program Files\Microsoft\jdk-17.0.13.11-hotspot\bin\jli.dll
0x00007ffeda830000 - 0x00007ffeda9e1000 	C:\WINDOWS\System32\USER32.dll
0x00007ffec8590000 - 0x00007ffec8828000 	C:\WINDOWS\WinSxS\amd64_microsoft.windows.common-controls_6595b64144ccf1df_6.0.22621.5124_none_270e8f4f7386d69d\COMCTL32.dll
0x00007ffed9830000 - 0x00007ffed9856000 	C:\WINDOWS\System32\win32u.dll
0x00007ffeda230000 - 0x00007ffeda2d7000 	C:\WINDOWS\System32\msvcrt.dll
0x00007ffedab20000 - 0x00007ffedab49000 	C:\WINDOWS\System32\GDI32.dll
0x00007ffed9900000 - 0x00007ffed9a1b000 	C:\WINDOWS\System32\gdi32full.dll
0x00007ffed9860000 - 0x00007ffed98fa000 	C:\WINDOWS\System32\msvcp_win.dll
0x00007ffedc340000 - 0x00007ffedc371000 	C:\WINDOWS\System32\IMM32.DLL
0x00007ffed5a60000 - 0x00007ffed5a6c000 	C:\Program Files\Microsoft\jdk-17.0.13.11-hotspot\bin\vcruntime140_1.dll
0x00007ffeb01b0000 - 0x00007ffeb023d000 	C:\Program Files\Microsoft\jdk-17.0.13.11-hotspot\bin\msvcp140.dll
0x00007ffe7f980000 - 0x00007ffe805f1000 	C:\Program Files\Microsoft\jdk-17.0.13.11-hotspot\bin\server\jvm.dll
0x00007ffeda480000 - 0x00007ffeda531000 	C:\WINDOWS\System32\ADVAPI32.dll
0x00007ffeda2e0000 - 0x00007ffeda388000 	C:\WINDOWS\System32\sechost.dll
0x00007ffed96e0000 - 0x00007ffed9708000 	C:\WINDOWS\System32\bcrypt.dll
0x00007ffeda540000 - 0x00007ffeda654000 	C:\WINDOWS\System32\RPCRT4.dll
0x00007ffedc1a0000 - 0x00007ffedc211000 	C:\WINDOWS\System32\WS2_32.dll
0x00007ffed83a0000 - 0x00007ffed83ed000 	C:\WINDOWS\SYSTEM32\POWRPROF.dll
0x00007ffed3360000 - 0x00007ffed3394000 	C:\WINDOWS\SYSTEM32\WINMM.dll
0x00007ffed2230000 - 0x00007ffed223a000 	C:\WINDOWS\SYSTEM32\VERSION.dll
0x00007ffed8380000 - 0x00007ffed8393000 	C:\WINDOWS\SYSTEM32\UMPDC.dll
0x00007ffed8640000 - 0x00007ffed8658000 	C:\WINDOWS\SYSTEM32\kernel.appcore.dll
0x00007ffed5920000 - 0x00007ffed592a000 	C:\Program Files\Microsoft\jdk-17.0.13.11-hotspot\bin\jimage.dll
0x00007ffed6ea0000 - 0x00007ffed70d2000 	C:\WINDOWS\SYSTEM32\DBGHELP.DLL
0x00007ffedbe00000 - 0x00007ffedc192000 	C:\WINDOWS\System32\combase.dll
0x00007ffeda3a0000 - 0x00007ffeda477000 	C:\WINDOWS\System32\OLEAUT32.dll
0x00007ffec6810000 - 0x00007ffec6842000 	C:\WINDOWS\SYSTEM32\dbgcore.DLL
0x00007ffeda030000 - 0x00007ffeda0ab000 	C:\WINDOWS\System32\bcryptPrimitives.dll
0x00007ffeba670000 - 0x00007ffeba695000 	C:\Program Files\Microsoft\jdk-17.0.13.11-hotspot\bin\java.dll
0x00007ffe8a4e0000 - 0x00007ffe8a5b7000 	C:\Program Files\Microsoft\jdk-17.0.13.11-hotspot\bin\jsvml.dll
0x00007ffedaed0000 - 0x00007ffedb766000 	C:\WINDOWS\System32\SHELL32.dll
0x00007ffed9520000 - 0x00007ffed965f000 	C:\WINDOWS\System32\wintypes.dll
0x00007ffed7440000 - 0x00007ffed7d5a000 	C:\WINDOWS\SYSTEM32\windows.storage.dll
0x00007ffedadb0000 - 0x00007ffedaeba000 	C:\WINDOWS\System32\SHCORE.dll
0x00007ffedc220000 - 0x00007ffedc283000 	C:\WINDOWS\System32\shlwapi.dll
0x00007ffed9450000 - 0x00007ffed947b000 	C:\WINDOWS\SYSTEM32\profapi.dll
0x00007ffeca610000 - 0x00007ffeca62a000 	C:\Program Files\Microsoft\jdk-17.0.13.11-hotspot\bin\net.dll
0x00007ffed2d50000 - 0x00007ffed2e7c000 	C:\WINDOWS\SYSTEM32\WINHTTP.dll
0x00007ffed8ac0000 - 0x00007ffed8b2a000 	C:\WINDOWS\system32\mswsock.dll
0x00007ffec83d0000 - 0x00007ffec83e6000 	C:\Program Files\Microsoft\jdk-17.0.13.11-hotspot\bin\nio.dll
0x00007ffec7690000 - 0x00007ffec76a8000 	C:\Program Files\Microsoft\jdk-17.0.13.11-hotspot\bin\zip.dll
0x00007ffecac40000 - 0x00007ffecac50000 	C:\Program Files\Microsoft\jdk-17.0.13.11-hotspot\bin\verify.dll
0x00007ffed53d0000 - 0x00007ffed53da000 	C:\Program Files\Microsoft\jdk-17.0.13.11-hotspot\bin\management.dll
0x00007ffed53a0000 - 0x00007ffed53ab000 	C:\Program Files\Microsoft\jdk-17.0.13.11-hotspot\bin\management_ext.dll
0x00007ffeda390000 - 0x00007ffeda398000 	C:\WINDOWS\System32\PSAPI.DLL
0x00007ffecac10000 - 0x00007ffecac37000 	C:\Users\Sarpu\.gradle\native\1def1411415f61bf3af743bc5b6707747c0891f09f0c88961ee8f79bc544acac\windows-amd64\native-platform.dll
0x00007ffed5af0000 - 0x00007ffed5afa000 	C:\Users\Sarpu\.gradle\native\jansi\1.18\windows64\jansi.dll
0x00007ffed8040000 - 0x00007ffed806d000 	C:\WINDOWS\SYSTEM32\IPHLPAPI.DLL
0x00007ffedab10000 - 0x00007ffedab19000 	C:\WINDOWS\System32\NSI.dll
0x00007ffed2ab0000 - 0x00007ffed2ac9000 	C:\WINDOWS\SYSTEM32\dhcpcsvc6.DLL
0x00007ffed29f0000 - 0x00007ffed2a0f000 	C:\WINDOWS\SYSTEM32\dhcpcsvc.DLL
0x00007ffed80b0000 - 0x00007ffed81b2000 	C:\WINDOWS\SYSTEM32\DNSAPI.dll
0x00007ffeca3c0000 - 0x00007ffeca3c9000 	C:\Program Files\Microsoft\jdk-17.0.13.11-hotspot\bin\extnet.dll
0x00007ffed8d10000 - 0x00007ffed8d2b000 	C:\WINDOWS\SYSTEM32\CRYPTSP.dll
0x00007ffed85a0000 - 0x00007ffed85d7000 	C:\WINDOWS\system32\rsaenh.dll
0x00007ffed8bb0000 - 0x00007ffed8bd8000 	C:\WINDOWS\SYSTEM32\USERENV.dll
0x00007ffed8d30000 - 0x00007ffed8d3c000 	C:\WINDOWS\SYSTEM32\CRYPTBASE.dll
0x00007ffecac50000 - 0x00007ffecac5e000 	C:\Program Files\Microsoft\jdk-17.0.13.11-hotspot\bin\sunmscapi.dll
0x00007ffed9ec0000 - 0x00007ffeda027000 	C:\WINDOWS\System32\CRYPT32.dll
0x00007ffed8ed0000 - 0x00007ffed8efd000 	C:\WINDOWS\SYSTEM32\ncrypt.dll
0x00007ffed8e90000 - 0x00007ffed8ec7000 	C:\WINDOWS\SYSTEM32\NTASN1.dll
0x00007ffea3c40000 - 0x00007ffea3c48000 	C:\WINDOWS\system32\wshunix.dll

dbghelp: loaded successfully - version: 4.0.5 - missing functions: none
symbol engine: initialized successfully - sym options: 0x614 - pdb path: .;C:\Program Files\Microsoft\jdk-17.0.13.11-hotspot\bin;C:\WINDOWS\SYSTEM32;C:\WINDOWS\WinSxS\amd64_microsoft.windows.common-controls_6595b64144ccf1df_6.0.22621.5124_none_270e8f4f7386d69d;C:\Program Files\Microsoft\jdk-17.0.13.11-hotspot\bin\server;C:\Users\Sarpu\.gradle\native\1def1411415f61bf3af743bc5b6707747c0891f09f0c88961ee8f79bc544acac\windows-amd64;C:\Users\Sarpu\.gradle\native\jansi\1.18\windows64

VM Arguments:
jvm_args: -Xmx64m -Xms64m -Dorg.gradle.appname=gradlew 
java_command: org.gradle.wrapper.GradleWrapperMain assembleRelease
java_class_path (initial): C:\Users\Sarpu\BellaCart\android\\gradle\wrapper\gradle-wrapper.jar
Launcher Type: SUN_STANDARD

[Global flags]
     intx CICompilerCount                          = 4                                         {product} {ergonomic}
     uint ConcGCThreads                            = 2                                         {product} {ergonomic}
     uint G1ConcRefinementThreads                  = 8                                         {product} {ergonomic}
   size_t G1HeapRegionSize                         = 1048576                                   {product} {ergonomic}
    uintx GCDrainStackTargetSize                   = 64                                        {product} {ergonomic}
   size_t InitialHeapSize                          = 67108864                                  {product} {command line}
   size_t MarkStackSize                            = 4194304                                   {product} {ergonomic}
   size_t MaxHeapSize                              = 67108864                                  {product} {command line}
   size_t MaxNewSize                               = 39845888                                  {product} {ergonomic}
   size_t MinHeapDeltaBytes                        = 1048576                                   {product} {ergonomic}
   size_t MinHeapSize                              = 67108864                                  {product} {command line}
    uintx NonNMethodCodeHeapSize                   = 5839372                                {pd product} {ergonomic}
    uintx NonProfiledCodeHeapSize                  = 122909434                              {pd product} {ergonomic}
    uintx ProfiledCodeHeapSize                     = 122909434                              {pd product} {ergonomic}
    uintx ReservedCodeCacheSize                    = 251658240                              {pd product} {ergonomic}
     bool SegmentedCodeCache                       = true                                      {product} {ergonomic}
   size_t SoftMaxHeapSize                          = 67108864                               {manageable} {ergonomic}
     bool UseCompressedClassPointers               = true                           {product lp64_product} {ergonomic}
     bool UseCompressedOops                        = true                           {product lp64_product} {ergonomic}
     bool UseG1GC                                  = true                                      {product} {ergonomic}
     bool UseLargePagesIndividualAllocation        = false                                  {pd product} {ergonomic}

Logging:
Log output configuration:
 #0: stdout all=warning uptime,level,tags
 #1: stderr all=off uptime,level,tags

Environment Variables:
JAVA_HOME=C:\Program Files\Microsoft\jdk-17.0.13.11-hotspot
CLASSPATH=C:\Users\Sarpu\BellaCart\android\\gradle\wrapper\gradle-wrapper.jar
PATH=C:\Program Files\Microsoft\jdk-17.0.13.11-hotspot\bin;C:\WINDOWS\system32;C:\WINDOWS;C:\WINDOWS\System32\Wbem;C:\WINDOWS\System32\WindowsPowerShell\v1.0\;C:\WINDOWS\System32\OpenSSH\;C:\ProgramData\chocolatey\bin;C:\Users\Sarpu\AppData\Local\Android\Sdk\emulator;C:\Users\Sarpu\AppData\Local\Android\Sdk\platform-tools;C:\Program Files\Git\cmd;%NVM_HOME%;%NVM_SYMLINK%;C:\Program Files\nodejs;C:\Program Files\Microsoft\jdk-17.0.13.11-hotspot\bin;C:\WINDOWS\system32;C:\WINDOWS;C:\WINDOWS\System32\Wbem;C:\WINDOWS\System32\WindowsPowerShell\v1.0\;C:\WINDOWS\System32\OpenSSH\;C:\ProgramData\chocolatey\bin;C:\Users\Sarpu\AppData\Local\Android\Sdk\emulator;C:\Users\Sarpu\AppData\Local\Android\Sdk\platform-tools;C:\Program Files\Git\cmd;C:\Users\Sarpu\AppData\Local\nvm;C:\nvm4w\nodejs;C:\Users\Sarpu\AppData\Local\Microsoft\WindowsApps;C:\Users\Sarpu\AppData\Local\Android\Sdk\emulator;C:\Program Files\Microsoft\jdk-17.0.13.11-hotspot;C:\Users\Sarpu\OneDrive\Documents\flutter\bin;C:\Users\Sarpu\AppData\Roaming\npm;C:\Users\Sarpu\AppData\Local\Programs\Microsoft VS Code\bin;C:\Program Files\heroku\bin;C:\Users\Sarpu\AppData\Local\nvm;C:\nvm4w\nodejs
USERNAME=Sarpu
LANG=en_US.UTF-8
OS=Windows_NT
PROCESSOR_IDENTIFIER=Intel64 Family 6 Model 142 Stepping 10, GenuineIntel
TMP=C:\Users\Sarpu\AppData\Local\Temp
TEMP=C:\Users\Sarpu\AppData\Local\Temp



Periodic native trim disabled


---------------  S Y S T E M  ---------------

OS:
 Windows 11 , 64 bit Build 22621 (10.0.22621.5124)
OS uptime: 2 days 0:22 hours

CPU: total 8 (initial active 8) (4 cores per cpu, 2 threads per core) family 6 model 142 stepping 10 microcode 0xf0, cx8, cmov, fxsr, ht, mmx, 3dnowpref, sse, sse2, sse3, ssse3, sse4.1, sse4.2, popcnt, lzcnt, tsc, tscinvbit, avx, avx2, aes, erms, clmul, bmi1, bmi2, adx, fma, vzeroupper, clflush, clflushopt
Processor Information for the first 8 processors :
  Max Mhz: 1992, Current Mhz: 1792, Mhz Limit: 1792

Memory: 4k page, system-wide physical 8086M (354M free)
TotalPageFile size 20503M (AvailPageFile size 0M)
current process WorkingSet (physical memory assigned to process): 25M, peak: 110M
current process commit charge ("private bytes"): 166M, peak: 188M

vm_info: OpenJDK 64-Bit Server VM (17.0.13+11-LTS) for windows-amd64 JRE (17.0.13+11-LTS), built on Oct 11 2024 23:25:05 by "MicrosoftCorporation" with unknown MS VC++:1939

END.
